\BOOKMARK [0][-]{chapter*.1}{\376\377\000A\000c\000k\000n\000o\000w\000l\000e\000d\000g\000m\000e\000n\000t\000s}{}% 1
\BOOKMARK [0][-]{section*.2}{\376\377\000C\000o\000n\000t\000e\000n\000t\000s}{}% 2
\BOOKMARK [0][-]{chapter.1}{\376\377\000I\000n\000t\000r\000o\000d\000u\000c\000t\000i\000o\000n}{}% 3
\BOOKMARK [0][-]{chapter.2}{\376\377\000B\000a\000c\000k\000g\000r\000o\000u\000n\000d}{}% 4
\BOOKMARK [1][-]{section.2.1}{\376\377\000B\000u\000s\000i\000n\000e\000s\000s\000\040\000C\000e\000n\000t\000r\000a\000l}{chapter.2}% 5
\BOOKMARK [1][-]{section.2.2}{\376\377\000T\000e\000s\000t\000\040\000S\000e\000l\000e\000c\000t\000i\000o\000n\000\040\000a\000n\000d\000\040\000P\000r\000i\000o\000r\000i\000t\000i\000z\000a\000t\000i\000o\000n\000\040\000t\000e\000c\000h\000n\000i\000q\000u\000e\000s}{chapter.2}% 6
\BOOKMARK [0][-]{chapter.3}{\376\377\000M\000e\000t\000h\000o\000d}{}% 7
\BOOKMARK [1][-]{section.3.1}{\376\377\000O\000u\000t\000l\000i\000n\000e}{chapter.3}% 8
\BOOKMARK [1][-]{section.3.2}{\376\377\000C\000o\000l\000l\000e\000c\000t\000i\000n\000g\000\040\000t\000h\000e\000\040\000d\000a\000t\000a\000s\000e\000t\000\040\000o\000f\000\040\000C\000I\000\040\000e\000x\000e\000c\000u\000t\000i\000o\000n\000s}{chapter.3}% 9
\BOOKMARK [1][-]{section.3.3}{\376\377\000R\000e\000p\000r\000e\000s\000e\000n\000t\000i\000n\000g\000\040\000t\000e\000s\000t\000s\000\040\000a\000n\000d\000\040\000c\000o\000d\000e\000b\000a\000s\000e\000\040\000c\000h\000a\000n\000g\000e\000s\000\040\000b\000y\000\040\000a\000\040\000v\000e\000c\000t\000o\000r}{chapter.3}% 10
\BOOKMARK [1][-]{section.3.4}{\376\377\000P\000r\000i\000o\000r\000i\000t\000i\000z\000i\000n\000g\000\040\000T\000e\000s\000t\000\040\000E\000x\000e\000c\000u\000t\000i\000o\000n\000s\000\040\000i\000n\000\040\000a\000\040\000C\000I\000\040\000j\000o\000b}{chapter.3}% 11
\BOOKMARK [1][-]{section.3.5}{\376\377\000T\000r\000a\000i\000n\000i\000n\000g\000\040\000r\000a\000n\000k\000i\000n\000g\000\040\000m\000o\000d\000e\000l\000s}{chapter.3}% 12
\BOOKMARK [0][-]{chapter.4}{\376\377\000R\000e\000s\000u\000l\000t\000s\000\040\000a\000n\000d\000\040\000E\000v\000a\000l\000u\000a\000t\000i\000o\000n}{}% 13
\BOOKMARK [1][-]{section.4.1}{\376\377\000C\000o\000o\000r\000d\000i\000n\000a\000t\000e\000\040\000A\000s\000c\000e\000n\000t}{chapter.4}% 14
\BOOKMARK [1][-]{section.4.2}{\376\377\000L\000a\000m\000b\000d\000a\000M\000A\000R\000T}{chapter.4}% 15
\BOOKMARK [1][-]{section.4.3}{\376\377\000M\000A\000R\000T}{chapter.4}% 16
\BOOKMARK [1][-]{section.4.4}{\376\377\000O\000t\000h\000e\000r\000\040\000a\000l\000g\000o\000r\000i\000t\000h\000m\000s}{chapter.4}% 17
\BOOKMARK [0][-]{chapter.5}{\376\377\000C\000o\000n\000c\000l\000u\000s\000i\000o\000n}{}% 18
\BOOKMARK [1][-]{section.5.1}{\376\377\000T\000h\000r\000e\000a\000t\000s\000\040\000t\000o\000\040\000v\000a\000l\000i\000d\000i\000t\000y}{chapter.5}% 19
\BOOKMARK [0][-]{chapter.6}{\376\377\000F\000u\000t\000u\000r\000e\000\040\000W\000o\000r\000k}{}% 20
\BOOKMARK [1][-]{section.6.1}{\376\377\000U\000s\000a\000g\000e\000\040\000o\000f\000\040\000a\000\040\000p\000r\000i\000o\000r\000i\000t\000i\000z\000a\000t\000i\000o\000n\000\040\000t\000e\000c\000h\000n\000i\000q\000u\000e\000\040\000i\000n\000\040\000t\000h\000e\000\040\000c\000o\000n\000t\000e\000x\000t\000\040\000o\000f\000\040\000t\000h\000e\000\040\000e\000x\000i\000s\000t\000i\000n\000g\000\040\000s\000y\000s\000t\000e\000m\000.}{chapter.6}% 21
\BOOKMARK [1][-]{section.6.2}{\376\377\000T\000a\000c\000k\000l\000i\000n\000g\000\040\000C\000I\000\040\000o\000p\000t\000i\000m\000i\000z\000a\000t\000i\000o\000n\000\040\000f\000r\000o\000m\000\040\000o\000t\000h\000e\000r\000\040\000a\000n\000g\000l\000e\000s}{chapter.6}% 22
\BOOKMARK [1][-]{section.6.3}{\376\377\000F\000u\000r\000t\000h\000e\000r\000\040\000e\000v\000a\000l\000u\000a\000t\000i\000o\000n\000\040\000o\000f\000\040\000t\000e\000s\000t\000\040\000p\000r\000i\000o\000r\000i\000t\000i\000z\000a\000t\000i\000o\000n\000\040\000t\000e\000c\000h\000n\000i\000q\000u\000e\000s}{chapter.6}% 23
\BOOKMARK [0][-]{chapter*.17}{\376\377\000B\000i\000b\000l\000i\000o\000g\000r\000a\000p\000h\000y}{}% 24
\BOOKMARK [0][-]{appendix.A}{\376\377\000T\000h\000e\000\040\000A\000L\000\040\000L\000a\000n\000g\000u\000a\000g\000e}{}% 25
\BOOKMARK [1][-]{section.A.1}{\376\377\000H\000o\000w\000\040\000d\000o\000e\000s\000\040\000A\000L\000\040\000l\000o\000o\000k\000?}{appendix.A}% 26
\BOOKMARK [1][-]{section.A.2}{\376\377\000A\000L\000\040\000o\000b\000j\000e\000c\000t\000s\000\040\000a\000n\000d\000\040\000B\000C\000'\000s\000\040\000r\000u\000n\000t\000i\000m\000e}{appendix.A}% 27
\BOOKMARK [1][-]{section.A.3}{\376\377\000A\000L\000\040\000T\000e\000s\000t\000s}{appendix.A}% 28
\BOOKMARK [0][-]{appendix.B}{\376\377\000E\000v\000a\000l\000u\000a\000t\000i\000o\000n\000\040\000r\000e\000s\000u\000l\000t\000s}{}% 29
